<?xml version="1.0" encoding="UTF-8"?><testrun name="TimerTest" project="INFO6205" tests="10" started="10" failures="1" errors="0" ignored="0">
  <testsuite name="edu.neu.coe.info6205.util.TimerTest" time="2.056">
    <testcase name="testPauseAndLapResume0" classname="edu.neu.coe.info6205.util.TimerTest" time="0.188"/>
    <testcase name="testPauseAndLapResume1" classname="edu.neu.coe.info6205.util.TimerTest" time="0.31"/>
    <testcase name="testLap" classname="edu.neu.coe.info6205.util.TimerTest" time="0.208"/>
    <testcase name="testPause" classname="edu.neu.coe.info6205.util.TimerTest" time="0.206"/>
    <testcase name="testStop" classname="edu.neu.coe.info6205.util.TimerTest" time="0.104"/>
    <testcase name="testMillisecs" classname="edu.neu.coe.info6205.util.TimerTest" time="0.105"/>
    <testcase name="testRepeat1" classname="edu.neu.coe.info6205.util.TimerTest" time="0.123"/>
    <testcase name="testRepeat2" classname="edu.neu.coe.info6205.util.TimerTest" time="0.234"/>
    <testcase name="testRepeat3" classname="edu.neu.coe.info6205.util.TimerTest" time="0.475">
      <failure>java.lang.AssertionError: expected:&lt;10&gt; but was:&lt;0&gt;
	at org.junit.Assert.fail(Assert.java:89)
	at org.junit.Assert.failNotEquals(Assert.java:835)
	at org.junit.Assert.assertEquals(Assert.java:647)
	at org.junit.Assert.assertEquals(Assert.java:633)
	at edu.neu.coe.info6205.util.TimerTest.testRepeat3(TimerTest.java:140)
	at java.base/jdk.internal.reflect.NativeMethodAccessorImpl.invoke0(Native Method)
	at java.base/jdk.internal.reflect.NativeMethodAccessorImpl.invoke(NativeMethodAccessorImpl.java:62)
	at java.base/jdk.internal.reflect.DelegatingMethodAccessorImpl.invoke(DelegatingMethodAccessorImpl.java:43)
	at java.base/java.lang.reflect.Method.invoke(Method.java:566)
	at org.junit.runners.model.FrameworkMethod$1.runReflectiveCall(FrameworkMethod.java:59)
	at org.junit.internal.runners.model.ReflectiveCallable.run(ReflectiveCallable.java:12)
	at org.junit.runners.model.FrameworkMethod.invokeExplosively(FrameworkMethod.java:56)
	at org.junit.internal.runners.statements.InvokeMethod.evaluate(InvokeMethod.java:17)
	at org.junit.internal.runners.statements.RunBefores.evaluate(RunBefores.java:26)
	at org.junit.runners.ParentRunner$3.evaluate(ParentRunner.java:306)
	at org.junit.runners.BlockJUnit4ClassRunner$1.evaluate(BlockJUnit4ClassRunner.java:100)
	at org.junit.runners.ParentRunner.runLeaf(ParentRunner.java:366)
	at org.junit.runners.BlockJUnit4ClassRunner.runChild(BlockJUnit4ClassRunner.java:103)
	at org.junit.runners.BlockJUnit4ClassRunner.runChild(BlockJUnit4ClassRunner.java:63)
	at org.junit.runners.ParentRunner$4.run(ParentRunner.java:331)
	at org.junit.runners.ParentRunner$1.schedule(ParentRunner.java:79)
	at org.junit.runners.ParentRunner.runChildren(ParentRunner.java:329)
	at org.junit.runners.ParentRunner.access$100(ParentRunner.java:66)
	at org.junit.runners.ParentRunner$2.evaluate(ParentRunner.java:293)
	at org.junit.runners.ParentRunner$3.evaluate(ParentRunner.java:306)
	at org.junit.runners.ParentRunner.run(ParentRunner.java:413)
	at org.eclipse.jdt.internal.junit4.runner.JUnit4TestReference.run(JUnit4TestReference.java:93)
	at org.eclipse.jdt.internal.junit.runner.TestExecution.run(TestExecution.java:40)
	at org.eclipse.jdt.internal.junit.runner.RemoteTestRunner.runTests(RemoteTestRunner.java:529)
	at org.eclipse.jdt.internal.junit.runner.RemoteTestRunner.runTests(RemoteTestRunner.java:756)
	at org.eclipse.jdt.internal.junit.runner.RemoteTestRunner.run(RemoteTestRunner.java:452)
	at org.eclipse.jdt.internal.junit.runner.RemoteTestRunner.main(RemoteTestRunner.java:210)

</failure>
    </testcase>
    <testcase name="testPauseAndLap" classname="edu.neu.coe.info6205.util.TimerTest" time="0.101"/>
  </testsuite>
</testrun>
